# JRE version: Java(TM) SE Runtime Environment (8.0_172-b11) (build 1.8.0_172-b11)
# Java VM: Java HotSpot(TM) 64-Bit Server VM (25.172-b11 mixed mode linux-amd64 )
Heap:
 PSYoungGen      total 611840K, used 364832K [0x00002ae42c580000, 0x00002ae463a00000, 0x00002ae857000000)
  eden space 524800K, 69% used [0x00002ae42c580000,0x00002ae4429c8300,0x00002ae44c600000)
  from space 87040K, 0% used [0x00002ae451b00000,0x00002ae451b00000,0x00002ae457000000)
  to   space 87040K, 0% used [0x00002ae44c600000,0x00002ae44c600000,0x00002ae451b00000)
 ParOldGen       total 1565696K, used 18966K [0x00002adbd7000000, 0x00002adc36900000, 0x00002ae42c580000)
  object space 1565696K, 1% used [0x00002adbd7000000,0x00002adbd82859b0,0x00002adc36900000)
 Metaspace       used 53161K, capacity 56078K, committed 56320K, reserved 57344K
GC Heap History (8 events):
Event: 2.659 GC heap before
{Heap before GC invocations=1 (full 0):
 PSYoungGen      total 611840K, used 230914K [0x00002ae42c580000, 0x00002ae457000000, 0x00002ae857000000)
  eden space 524800K, 44% used [0x00002ae42c580000,0x00002ae43a700818,0x00002ae44c600000)
  from space 87040K, 0% used [0x00002ae451b00000,0x00002ae451b00000,0x00002ae457000000)
  to   space 87040K, 0% used [0x00002ae44c600000,0x00002ae44c600000,0x00002ae451b00000)
 ParOldGen       total 1398272K, used 0K [0x00002adbd7000000, 0x00002adc2c580000, 0x00002ae42c580000)
  object space 1398272K, 0% used [0x00002adbd7000000,0x00002adbd7000000,0x00002adc2c580000)
 Metaspace       used 20275K, capacity 21296K, committed 21296K, reserved 22528K
Event: 2.671 GC heap after
Heap after GC invocations=1 (full 0):
 PSYoungGen      total 611840K, used 16944K [0x00002ae42c580000, 0x00002ae457000000, 0x00002ae857000000)
  eden space 524800K, 0% used [0x00002ae42c580000,0x00002ae42c580000,0x00002ae44c600000)
  from space 87040K, 19% used [0x00002ae44c600000,0x00002ae44d68c180,0x00002ae451b00000)
  to   space 87040K, 0% used [0x00002ae451b00000,0x00002ae451b00000,0x00002ae457000000)
 ParOldGen       total 1398272K, used 32K [0x00002adbd7000000, 0x00002adc2c580000, 0x00002ae42c580000)
  object space 1398272K, 0% used [0x00002adbd7000000,0x00002adbd7008000,0x00002adc2c580000)
 Metaspace       used 20275K, capacity 21296K, committed 21296K, reserved 22528K
}
Event: 2.671 GC heap before
{Heap before GC invocations=2 (full 1):
 PSYoungGen      total 611840K, used 16944K [0x00002ae42c580000, 0x00002ae457000000, 0x00002ae857000000)
  eden space 524800K, 0% used [0x00002ae42c580000,0x00002ae42c580000,0x00002ae44c600000)
  from space 87040K, 19% used [0x00002ae44c600000,0x00002ae44d68c180,0x00002ae451b00000)
  to   space 87040K, 0% used [0x00002ae451b00000,0x00002ae451b00000,0x00002ae457000000)
 ParOldGen       total 1398272K, used 32K [0x00002adbd7000000, 0x00002adc2c580000, 0x00002ae42c580000)
  object space 1398272K, 0% used [0x00002adbd7000000,0x00002adbd7008000,0x00002adc2c580000)
 Metaspace       used 20275K, capacity 21296K, committed 21296K, reserved 22528K
Event: 2.700 GC heap after
Heap after GC invocations=2 (full 1):
 PSYoungGen      total 611840K, used 0K [0x00002ae42c580000, 0x00002ae457000000, 0x00002ae857000000)
  eden space 524800K, 0% used [0x00002ae42c580000,0x00002ae42c580000,0x00002ae44c600000)
  from space 87040K, 0% used [0x00002ae44c600000,0x00002ae44c600000,0x00002ae451b00000)
  to   space 87040K, 0% used [0x00002ae451b00000,0x00002ae451b00000,0x00002ae457000000)
 ParOldGen       total 908288K, used 16049K [0x00002adbd7000000, 0x00002adc0e700000, 0x00002ae42c580000)
  object space 908288K, 1% used [0x00002adbd7000000,0x00002adbd7fac7b8,0x00002adc0e700000)
 Metaspace       used 20275K, capacity 21296K, committed 21296K, reserved 22528K
}
Event: 3.624 GC heap before
{Heap before GC invocations=3 (full 1):
 PSYoungGen      total 611840K, used 186375K [0x00002ae42c580000, 0x00002ae457000000, 0x00002ae857000000)
  eden space 524800K, 35% used [0x00002ae42c580000,0x00002ae437b81da0,0x00002ae44c600000)
  from space 87040K, 0% used [0x00002ae44c600000,0x00002ae44c600000,0x00002ae451b00000)
  to   space 87040K, 0% used [0x00002ae451b00000,0x00002ae451b00000,0x00002ae457000000)
 ParOldGen       total 908288K, used 16049K [0x00002adbd7000000, 0x00002adc0e700000, 0x00002ae42c580000)
  object space 908288K, 1% used [0x00002adbd7000000,0x00002adbd7fac7b8,0x00002adc0e700000)
 Metaspace       used 33762K, capacity 35456K, committed 35496K, reserved 36864K
Event: 3.633 GC heap after
Heap after GC invocations=3 (full 1):
 PSYoungGen      total 611840K, used 13189K [0x00002ae42c580000, 0x00002ae463a00000, 0x00002ae857000000)
  eden space 524800K, 0% used [0x00002ae42c580000,0x00002ae42c580000,0x00002ae44c600000)
  from space 87040K, 15% used [0x00002ae451b00000,0x00002ae4527e1698,0x00002ae457000000)
  to   space 87040K, 0% used [0x00002ae44c600000,0x00002ae44c600000,0x00002ae451b00000)
 ParOldGen       total 908288K, used 16061K [0x00002adbd7000000, 0x00002adc0e700000, 0x00002ae42c580000)
  object space 908288K, 1% used [0x00002adbd7000000,0x00002adbd7faf7d0,0x00002adc0e700000)
 Metaspace       used 33762K, capacity 35456K, committed 35496K, reserved 36864K
}
Event: 3.633 GC heap before
{Heap before GC invocations=4 (full 2):
 PSYoungGen      total 611840K, used 13189K [0x00002ae42c580000, 0x00002ae463a00000, 0x00002ae857000000)
  eden space 524800K, 0% used [0x00002ae42c580000,0x00002ae42c580000,0x00002ae44c600000)
  from space 87040K, 15% used [0x00002ae451b00000,0x00002ae4527e1698,0x00002ae457000000)
  to   space 87040K, 0% used [0x00002ae44c600000,0x00002ae44c600000,0x00002ae451b00000)
 ParOldGen       total 908288K, used 16061K [0x00002adbd7000000, 0x00002adc0e700000, 0x00002ae42c580000)
  object space 908288K, 1% used [0x00002adbd7000000,0x00002adbd7faf7d0,0x00002adc0e700000)
 Metaspace       used 33762K, capacity 35456K, committed 35496K, reserved 36864K
Event: 3.660 GC heap after
Heap after GC invocations=4 (full 2):
 PSYoungGen      total 611840K, used 0K [0x00002ae42c580000, 0x00002ae463a00000, 0x00002ae857000000)
  eden space 524800K, 0% used [0x00002ae42c580000,0x00002ae42c580000,0x00002ae44c600000)
  from space 87040K, 0% used [0x00002ae451b00000,0x00002ae451b00000,0x00002ae457000000)
  to   space 87040K, 0% used [0x00002ae44c600000,0x00002ae44c600000,0x00002ae451b00000)
 ParOldGen       total 1565696K, used 18966K [0x00002adbd7000000, 0x00002adc36900000, 0x00002ae42c580000)
  object space 1565696K, 1% used [0x00002adbd7000000,0x00002adbd82859b0,0x00002adc36900000)
 Metaspace       used 33762K, capacity 35456K, committed 35496K, reserved 36864K
}

