# JRE version: Java(TM) SE Runtime Environment (8.0_172-b11) (build 1.8.0_172-b11)
# Java VM: Java HotSpot(TM) 64-Bit Server VM (25.172-b11 mixed mode linux-amd64 )
Heap:
 PSYoungGen      total 38632448K, used 29999838K [0x00002b950c580000, 0x00002ba067280000, 0x00002ba5b7000000)
  eden space 34598400K, 83% used [0x00002b950c580000,0x00002b9bf360fa70,0x00002b9d4c100000)
  from space 4034048K, 25% used [0x00002b9d4c100000,0x00002b9d8c128070,0x00002b9e42480000)
  to   space 3870720K, 27% used [0x00002b9f7ae80000,0x00002b9fbae80070,0x00002ba067280000)
 ParOldGen       total 62440448K, used 48117978K [0x00002b73b7000000, 0x00002b829a100000, 0x00002b950c580000)
  object space 62440448K, 77% used [0x00002b73b7000000,0x00002b7f2fe36b58,0x00002b829a100000)
 Metaspace       used 105426K, capacity 116342K, committed 135680K, reserved 137216K
GC Heap History (10 events):
Event: 762.616 GC heap after
Heap after GC invocations=93 (full 30):
 PSYoungGen      total 34439680K, used 1067894K [0x00002b950c580000, 0x00002b9f4b800000, 0x00002ba5b7000000)
  eden space 30071808K, 0% used [0x00002b950c580000,0x00002b950c580000,0x00002b9c37c80000)
  from space 4367872K, 24% used [0x00002b9c37c80000,0x00002b9c78f5d8e0,0x00002b9d42600000)
  to   space 4198912K, 0% used [0x00002b9e4b380000,0x00002b9e4b380000,0x00002b9f4b800000)
 ParOldGen       total 59416064K, used 31353727K [0x00002b73b7000000, 0x00002b81e1780000, 0x00002b950c580000)
  object space 59416064K, 52% used [0x00002b73b7000000,0x00002b7b30adfde8,0x00002b81e1780000)
 Metaspace       used 105269K, capacity 116130K, committed 135424K, reserved 137216K
}
Event: 762.616 GC heap before
{Heap before GC invocations=94 (full 31):
 PSYoungGen      total 34439680K, used 1067894K [0x00002b950c580000, 0x00002b9f4b800000, 0x00002ba5b7000000)
  eden space 30071808K, 0% used [0x00002b950c580000,0x00002b950c580000,0x00002b9c37c80000)
  from space 4367872K, 24% used [0x00002b9c37c80000,0x00002b9c78f5d8e0,0x00002b9d42600000)
  to   space 4198912K, 0% used [0x00002b9e4b380000,0x00002b9e4b380000,0x00002b9f4b800000)
 ParOldGen       total 59416064K, used 31353727K [0x00002b73b7000000, 0x00002b81e1780000, 0x00002b950c580000)
  object space 59416064K, 52% used [0x00002b73b7000000,0x00002b7b30adfde8,0x00002b81e1780000)
 Metaspace       used 105269K, capacity 116130K, committed 135424K, reserved 137216K
Event: 763.332 GC heap after
Heap after GC invocations=94 (full 31):
 PSYoungGen      total 34439680K, used 0K [0x00002b950c580000, 0x00002b9f4b800000, 0x00002ba5b7000000)
  eden space 30071808K, 0% used [0x00002b950c580000,0x00002b950c580000,0x00002b9c37c80000)
  from space 4367872K, 0% used [0x00002b9c37c80000,0x00002b9c37c80000,0x00002b9d42600000)
  to   space 4198912K, 0% used [0x00002b9e4b380000,0x00002b9e4b380000,0x00002b9f4b800000)
 ParOldGen       total 61068800K, used 14593867K [0x00002b73b7000000, 0x00002b8246580000, 0x00002b950c580000)
  object space 61068800K, 23% used [0x00002b73b7000000,0x00002b7731bd2da0,0x00002b8246580000)
 Metaspace       used 105269K, capacity 116130K, committed 135424K, reserved 137216K
}
Event: 772.159 GC heap before
{Heap before GC invocations=95 (full 31):
 PSYoungGen      total 34439680K, used 29235115K [0x00002b950c580000, 0x00002b9f4b800000, 0x00002ba5b7000000)
  eden space 30071808K, 97% used [0x00002b950c580000,0x00002b9c04b6ad60,0x00002b9c37c80000)
  from space 4367872K, 0% used [0x00002b9c37c80000,0x00002b9c37c80000,0x00002b9d42600000)
  to   space 4198912K, 0% used [0x00002b9e4b380000,0x00002b9e4b380000,0x00002b9f4b800000)
 ParOldGen       total 61068800K, used 14593867K [0x00002b73b7000000, 0x00002b8246580000, 0x00002b950c580000)
  object space 61068800K, 23% used [0x00002b73b7000000,0x00002b7731bd2da0,0x00002b8246580000)
 Metaspace       used 105426K, capacity 116342K, committed 135680K, reserved 137216K
Event: 774.288 GC heap after
Heap after GC invocations=95 (full 31):
 PSYoungGen      total 38486016K, used 1049680K [0x00002b950c580000, 0x00002b9f38800000, 0x00002ba5b7000000)
  eden space 34598400K, 0% used [0x00002b950c580000,0x00002b950c580000,0x00002b9d4c100000)
  from space 3887616K, 27% used [0x00002b9e4b380000,0x00002b9e8b494348,0x00002b9f38800000)
  to   space 4034048K, 0% used [0x00002b9d4c100000,0x00002b9d4c100000,0x00002b9e42480000)
 ParOldGen       total 61068800K, used 31371092K [0x00002b73b7000000, 0x00002b8246580000, 0x00002b950c580000)
  object space 61068800K, 51% used [0x00002b73b7000000,0x00002b7b31bd52f0,0x00002b8246580000)
 Metaspace       used 105426K, capacity 116342K, committed 135680K, reserved 137216K
}
Event: 774.288 GC heap before
{Heap before GC invocations=96 (full 32):
 PSYoungGen      total 38486016K, used 1049680K [0x00002b950c580000, 0x00002b9f38800000, 0x00002ba5b7000000)
  eden space 34598400K, 0% used [0x00002b950c580000,0x00002b950c580000,0x00002b9d4c100000)
  from space 3887616K, 27% used [0x00002b9e4b380000,0x00002b9e8b494348,0x00002b9f38800000)
  to   space 4034048K, 0% used [0x00002b9d4c100000,0x00002b9d4c100000,0x00002b9e42480000)
 ParOldGen       total 61068800K, used 31371092K [0x00002b73b7000000, 0x00002b8246580000, 0x00002b950c580000)
  object space 61068800K, 51% used [0x00002b73b7000000,0x00002b7b31bd52f0,0x00002b8246580000)
 Metaspace       used 105426K, capacity 116342K, committed 135680K, reserved 137216K
Event: 774.998 GC heap after
Heap after GC invocations=96 (full 32):
 PSYoungGen      total 38486016K, used 0K [0x00002b950c580000, 0x00002b9f38800000, 0x00002ba5b7000000)
  eden space 34598400K, 0% used [0x00002b950c580000,0x00002b950c580000,0x00002b9d4c100000)
  from space 3887616K, 0% used [0x00002b9e4b380000,0x00002b9e4b380000,0x00002b9f38800000)
  to   space 4034048K, 0% used [0x00002b9d4c100000,0x00002b9d4c100000,0x00002b9e42480000)
 ParOldGen       total 62440448K, used 14563488K [0x00002b73b7000000, 0x00002b829a100000, 0x00002b950c580000)
  object space 62440448K, 23% used [0x00002b73b7000000,0x00002b772fe28028,0x00002b829a100000)
 Metaspace       used 105426K, capacity 116342K, committed 135680K, reserved 137216K
}
Event: 784.169 GC heap before
{Heap before GC invocations=97 (full 32):
 PSYoungGen      total 38486016K, used 29402253K [0x00002b950c580000, 0x00002b9f38800000, 0x00002ba5b7000000)
  eden space 34598400K, 84% used [0x00002b950c580000,0x00002b9c0eea3798,0x00002b9d4c100000)
  from space 3887616K, 0% used [0x00002b9e4b380000,0x00002b9e4b380000,0x00002b9f38800000)
  to   space 4034048K, 0% used [0x00002b9d4c100000,0x00002b9d4c100000,0x00002b9e42480000)
 ParOldGen       total 62440448K, used 14563488K [0x00002b73b7000000, 0x00002b829a100000, 0x00002b950c580000)
  object space 62440448K, 23% used [0x00002b73b7000000,0x00002b772fe28028,0x00002b829a100000)
 Metaspace       used 105426K, capacity 116342K, committed 135680K, reserved 137216K
Event: 787.260 GC heap after
Heap after GC invocations=97 (full 32):
 PSYoungGen      total 38632448K, used 1048736K [0x00002b950c580000, 0x00002ba067280000, 0x00002ba5b7000000)
  eden space 34598400K, 0% used [0x00002b950c580000,0x00002b950c580000,0x00002b9d4c100000)
  from space 4034048K, 25% used [0x00002b9d4c100000,0x00002b9d8c128070,0x00002b9e42480000)
  to   space 3870720K, 0% used [0x00002b9f7ae80000,0x00002b9f7ae80000,0x00002ba067280000)
 ParOldGen       total 62440448K, used 31340705K [0x00002b73b7000000, 0x00002b829a100000, 0x00002b950c580000)
  object space 62440448K, 50% used [0x00002b73b7000000,0x00002b7b2fe285a8,0x00002b829a100000)
 Metaspace       used 105426K, capacity 116342K, committed 135680K, reserved 137216K
}
Event: 795.872 GC heap before
{Heap before GC invocations=98 (full 32):
 PSYoungGen      total 38632448K, used 29999838K [0x00002b950c580000, 0x00002ba067280000, 0x00002ba5b7000000)
  eden space 34598400K, 83% used [0x00002b950c580000,0x00002b9bf360fa70,0x00002b9d4c100000)
  from space 4034048K, 25% used [0x00002b9d4c100000,0x00002b9d8c128070,0x00002b9e42480000)
  to   space 3870720K, 0% used [0x00002b9f7ae80000,0x00002b9f7ae80000,0x00002ba067280000)
 ParOldGen       total 62440448K, used 31340705K [0x00002b73b7000000, 0x00002b829a100000, 0x00002b950c580000)
  object space 62440448K, 50% used [0x00002b73b7000000,0x00002b7b2fe285a8,0x00002b829a100000)
 Metaspace       used 105426K, capacity 116342K, committed 135680K, reserved 137216K

